09-08 13:54:20,842 [WARN] [main] Httpd :start httpd port:18080
09-08 13:54:20,847 [WARN] [main] Sync :sync dir:J:\BaiduYunDownload\OATOS_Common
09-08 13:54:21,070 [INFO] [LocalFileMonitor] DBHelper :createVersion
09-08 13:54:21,120 [INFO] [LocalFileMonitor] DBHelper :updateVersion
09-08 13:54:21,253 [INFO] [LocalFileMonitor] DBHelper :onCreateDB
09-08 13:54:22,714 [DEBUG] [LocalFileMonitor] BaseDao :executeSQL:DELETE FROM localfile_tmp
09-08 13:54:22,852 [INFO] [GetCloudFile0] Stopwatch :CookieDao getCookie time:52
09-08 13:54:23,053 [INFO] [LocalFileMonitor] Stopwatch :LocalFileDao insertAll 130 time:159
09-08 13:54:23,054 [WARN] [LocalFileMonitor] LocalFileMonitor :GetLocalFile success
09-08 13:54:23,057 [DEBUG] [LocalFileMonitor] BaseDao :executeSQL:DROP TABLE IF EXISTS localcompare
09-08 13:54:23,059 [DEBUG] [LocalFileMonitor] BaseDao :executeSQL:DROP TABLE IF EXISTS localcomparesame
09-08 13:54:23,062 [DEBUG] [LocalFileMonitor] BaseDao :executeSQL:INSERT INTO localupload SELECT id,path,length,isdir,mtime,fid,session FROM localfile_tmp
09-08 13:54:23,214 [INFO] [LocalFileMonitor] Stopwatch :LocalCompareDao copyAllToAction time:152
09-08 13:54:23,215 [DEBUG] [LocalFileMonitor] BaseDao :executeSQL:DELETE FROM localfile
09-08 13:54:23,339 [INFO] [GetCloudFile0] Stopwatch :CookieDao saveCookie time:192
09-08 13:54:23,498 [DEBUG] [LocalFileMonitor] BaseDao :executeSQL:INSERT INTO localfile SELECT id,path,length,isdir,mtime,fid,session FROM localfile_tmp
09-08 13:54:23,692 [INFO] [LocalFileMonitor] Stopwatch :LocalCompareDao copyAllToAction time:194
09-08 13:54:23,692 [DEBUG] [LocalFileMonitor] BaseDao :executeSQL:DROP TABLE IF EXISTS localcompare
09-08 13:54:23,694 [DEBUG] [LocalFileMonitor] BaseDao :executeSQL:DROP TABLE IF EXISTS localcomparesame
09-08 13:54:23,697 [WARN] [LocalFileMonitor] LocalFileMonitor :LocalCompare success
09-08 13:54:45,942 [INFO] [GetCloudFile3] Stopwatch :CloudFileDao insertAll 5031 time:453
09-08 13:55:02,720 [INFO] [GetCloudFile3] Stopwatch :CloudFileDao insertAll 5015 time:409
09-08 13:55:31,431 [INFO] [GetCloudFile1] Stopwatch :CloudFileDao insertAll 5004 time:278
09-08 13:55:52,997 [INFO] [GetCloudFile3] Stopwatch :CloudFileDao insertAll 5124 time:285
09-08 13:56:10,175 [INFO] [GetCloudFile0] Stopwatch :CloudFileDao insertAll 5009 time:238
09-08 13:56:33,874 [INFO] [GetCloudFile2] Stopwatch :CloudFileDao insertAll 5332 time:268
09-08 13:56:35,515 [INFO] [GetCloudFile1] Stopwatch :CloudFileDao insertAll 6808 time:310
09-08 13:56:37,048 [INFO] [CloudFileMonitor] Stopwatch :CloudFileDao insertAll 4266 time:241
09-08 13:56:37,049 [INFO] [CloudFileMonitor] Stopwatch :GetCloudFile time:134333
09-08 13:56:37,049 [WARN] [CloudFileMonitor] CloudFileMonitor :GetLocalFile success
09-08 13:56:37,068 [DEBUG] [CloudFileMonitor] BaseDao :executeSQL:DROP TABLE IF EXISTS cloudcompare
09-08 13:56:37,069 [DEBUG] [CloudFileMonitor] BaseDao :executeSQL:DROP TABLE IF EXISTS cloudcomparesame
09-08 13:56:37,071 [DEBUG] [CloudFileMonitor] BaseDao :executeSQL:INSERT INTO clouddownload SELECT id,path,length,isdir,mtime,fid,md5,session FROM localfile_tmp
09-08 13:56:37,072 [ERROR] [CloudFileMonitor] DBHelper :executeSQL error
java.sql.SQLException: [SQLITE_ERROR] SQL error or missing database (no such column: md5)
	at org.sqlite.core.DB.newSQLException(DB.java:890)
	at org.sqlite.core.DB.newSQLException(DB.java:901)
	at org.sqlite.core.DB.throwex(DB.java:868)
	at org.sqlite.core.NativeDB.prepare(Native Method)
	at org.sqlite.core.DB.prepare(DB.java:211)
	at org.sqlite.jdbc3.JDBC3Statement.execute(JDBC3Statement.java:60)
	at com.yuncore.bdfs.db.DBHelper.executeSQL(DBHelper.java:164)
	at com.yuncore.bdfs.dao.BaseDao.executeSQL(BaseDao.java:34)
	at com.yuncore.bdfs.dao.LocalCompareDao.copyTableData(LocalCompareDao.java:296)
	at com.yuncore.bdfs.dao.LocalCompareDao.copyTableData(LocalCompareDao.java:270)
	at com.yuncore.bdfs.compare.LocalCompare.compare(LocalCompare.java:79)
	at com.yuncore.bdfs.sync.service.CloudFileMonitor.compareFiles(CloudFileMonitor.java:79)
	at com.yuncore.bdfs.sync.service.LocalFileMonitor.work(LocalFileMonitor.java:114)
	at com.yuncore.bdfs.sync.service.LocalFileMonitor.run(LocalFileMonitor.java:69)

09-08 13:56:37,073 [INFO] [CloudFileMonitor] Stopwatch :CloudCompareDao copyAllToAction time:1
09-08 13:56:37,073 [DEBUG] [CloudFileMonitor] BaseDao :executeSQL:DELETE FROM localfile
09-08 13:56:37,301 [DEBUG] [CloudFileMonitor] BaseDao :executeSQL:INSERT INTO cloudfile SELECT id,path,length,isdir,mtime,fid,md5,session FROM localfile_tmp
09-08 13:56:37,302 [ERROR] [CloudFileMonitor] DBHelper :executeSQL error
java.sql.SQLException: [SQLITE_ERROR] SQL error or missing database (no such column: md5)
	at org.sqlite.core.DB.newSQLException(DB.java:890)
	at org.sqlite.core.DB.newSQLException(DB.java:901)
	at org.sqlite.core.DB.throwex(DB.java:868)
	at org.sqlite.core.NativeDB.prepare(Native Method)
	at org.sqlite.core.DB.prepare(DB.java:211)
	at org.sqlite.jdbc3.JDBC3Statement.execute(JDBC3Statement.java:60)
	at com.yuncore.bdfs.db.DBHelper.executeSQL(DBHelper.java:164)
	at com.yuncore.bdfs.dao.BaseDao.executeSQL(BaseDao.java:34)
	at com.yuncore.bdfs.dao.LocalCompareDao.copyTableData(LocalCompareDao.java:296)
	at com.yuncore.bdfs.dao.LocalCompareDao.copyTableData(LocalCompareDao.java:270)
	at com.yuncore.bdfs.dao.LocalCompareDao.insertNew(LocalCompareDao.java:196)
	at com.yuncore.bdfs.compare.LocalCompare.compare(LocalCompare.java:83)
	at com.yuncore.bdfs.sync.service.CloudFileMonitor.compareFiles(CloudFileMonitor.java:79)
	at com.yuncore.bdfs.sync.service.LocalFileMonitor.work(LocalFileMonitor.java:114)
	at com.yuncore.bdfs.sync.service.LocalFileMonitor.run(LocalFileMonitor.java:69)

09-08 13:56:37,302 [INFO] [CloudFileMonitor] Stopwatch :CloudCompareDao copyAllToAction time:1
09-08 13:56:37,303 [DEBUG] [CloudFileMonitor] BaseDao :executeSQL:DROP TABLE IF EXISTS cloudcompare
09-08 13:56:37,303 [DEBUG] [CloudFileMonitor] BaseDao :executeSQL:DROP TABLE IF EXISTS cloudcomparesame
09-08 13:56:37,304 [WARN] [CloudFileMonitor] CloudFileMonitor :LocalCompare success
